SF:C:\Users\devad\Desktop\Pipoca-agil-ASPdotNET\Server\src\PipocaAgilPodcast.Authentication\ApplicationUser.cs
FN:12,System.String PipocaAgilPodcast.Authentication.ApplicationUser::get_FullName()
FNDA:0,System.String PipocaAgilPodcast.Authentication.ApplicationUser::get_FullName()
DA:13,0
FN:13,System.String PipocaAgilPodcast.Authentication.ApplicationUser::get_Email()
FNDA:0,System.String PipocaAgilPodcast.Authentication.ApplicationUser::get_Email()
DA:14,0
FN:14,System.String PipocaAgilPodcast.Authentication.ApplicationUser::get_PasswordHash()
FNDA:0,System.String PipocaAgilPodcast.Authentication.ApplicationUser::get_PasswordHash()
DA:15,0
FN:15,System.DateTime PipocaAgilPodcast.Authentication.ApplicationUser::get_RegistrationDate()
FNDA:0,System.DateTime PipocaAgilPodcast.Authentication.ApplicationUser::get_RegistrationDate()
DA:16,0
FN:16,System.DateTime PipocaAgilPodcast.Authentication.ApplicationUser::get_LastAccess()
FNDA:0,System.DateTime PipocaAgilPodcast.Authentication.ApplicationUser::get_LastAccess()
DA:17,0
FN:17,System.Boolean PipocaAgilPodcast.Authentication.ApplicationUser::get_IsActive()
FNDA:0,System.Boolean PipocaAgilPodcast.Authentication.ApplicationUser::get_IsActive()
DA:18,0
FN:18,System.String PipocaAgilPodcast.Authentication.ApplicationUser::get_ImageURL()
FNDA:0,System.String PipocaAgilPodcast.Authentication.ApplicationUser::get_ImageURL()
DA:19,0
FN:19,PipocaAgilPodcast.Authentication.Permission PipocaAgilPodcast.Authentication.ApplicationUser::get_Permissions()
FNDA:0,PipocaAgilPodcast.Authentication.Permission PipocaAgilPodcast.Authentication.ApplicationUser::get_Permissions()
DA:20,0
FN:7,System.Void PipocaAgilPodcast.Authentication.ApplicationUser::.ctor()
FNDA:0,System.Void PipocaAgilPodcast.Authentication.ApplicationUser::.ctor()
DA:8,0
DA:9,0
DA:10,0
DA:11,0
LF:12
LH:0
BRF:0
BRH:0
FNF:9
FNH:0
end_of_record
SF:C:\Users\devad\Desktop\Pipoca-agil-ASPdotNET\Server\src\PipocaAgilPodcast.Authentication\Permission.cs
FN:5,System.Int32 PipocaAgilPodcast.Authentication.Permission::get_Id()
FNDA:0,System.Int32 PipocaAgilPodcast.Authentication.Permission::get_Id()
DA:6,0
FN:6,System.String PipocaAgilPodcast.Authentication.Permission::get_Name()
FNDA:0,System.String PipocaAgilPodcast.Authentication.Permission::get_Name()
DA:7,0
FN:7,System.String PipocaAgilPodcast.Authentication.Permission::get_Description()
FNDA:0,System.String PipocaAgilPodcast.Authentication.Permission::get_Description()
DA:8,0
FN:8,System.Boolean PipocaAgilPodcast.Authentication.Permission::get_IsActive()
FNDA:0,System.Boolean PipocaAgilPodcast.Authentication.Permission::get_IsActive()
DA:9,0
FN:9,System.DateTime PipocaAgilPodcast.Authentication.Permission::get_CreatedAt()
FNDA:0,System.DateTime PipocaAgilPodcast.Authentication.Permission::get_CreatedAt()
DA:10,0
FN:10,System.DateTime PipocaAgilPodcast.Authentication.Permission::get_UpdatedAt()
FNDA:0,System.DateTime PipocaAgilPodcast.Authentication.Permission::get_UpdatedAt()
DA:11,0
FN:11,PipocaAgilPodcast.Domain.User PipocaAgilPodcast.Authentication.Permission::get_User()
FNDA:0,PipocaAgilPodcast.Domain.User PipocaAgilPodcast.Authentication.Permission::get_User()
DA:12,0
LF:7
LH:0
BRF:0
BRH:0
FNF:7
FNH:0
end_of_record
SF:C:\Users\devad\Desktop\Pipoca-agil-ASPdotNET\Server\src\PipocaAgilPodcast.Domain\ActivityLog.cs
FN:9,System.Int32 PipocaAgilPodcast.Domain.ActivityLog::get_Id()
FNDA:0,System.Int32 PipocaAgilPodcast.Domain.ActivityLog::get_Id()
DA:10,0
FN:10,System.Collections.Generic.IEnumerable`1<PipocaAgilPodcast.Domain.UserActivityLog> PipocaAgilPodcast.Domain.ActivityLog::get_UsersActivitiesLogs()
FNDA:8,System.Collections.Generic.IEnumerable`1<PipocaAgilPodcast.Domain.UserActivityLog> PipocaAgilPodcast.Domain.ActivityLog::get_UsersActivitiesLogs()
DA:11,8
FN:11,PipocaAgilPodcast.Domain.Enum.ActivityType PipocaAgilPodcast.Domain.ActivityLog::get_ActivityType()
FNDA:3,PipocaAgilPodcast.Domain.Enum.ActivityType PipocaAgilPodcast.Domain.ActivityLog::get_ActivityType()
DA:12,3
FN:12,System.String PipocaAgilPodcast.Domain.ActivityLog::get_ActivityDetails()
FNDA:10,System.String PipocaAgilPodcast.Domain.ActivityLog::get_ActivityDetails()
DA:13,10
FN:13,System.DateTime PipocaAgilPodcast.Domain.ActivityLog::get_ActivityDate()
FNDA:3,System.DateTime PipocaAgilPodcast.Domain.ActivityLog::get_ActivityDate()
DA:14,3
FN:14,System.String PipocaAgilPodcast.Domain.ActivityLog::get_IPAddress()
FNDA:10,System.String PipocaAgilPodcast.Domain.ActivityLog::get_IPAddress()
DA:15,10
FN:5,System.Void PipocaAgilPodcast.Domain.ActivityLog::.ctor()
FNDA:7,System.Void PipocaAgilPodcast.Domain.ActivityLog::.ctor()
DA:6,7
DA:7,7
DA:8,7
DA:9,7
LF:10
LH:9
BRF:0
BRH:0
FNF:7
FNH:6
end_of_record
SF:C:\Users\devad\Desktop\Pipoca-agil-ASPdotNET\Server\src\PipocaAgilPodcast.Domain\ActivityStatistics.cs
FN:9,System.Int32 PipocaAgilPodcast.Domain.ActivityStatistics::get_Id()
FNDA:0,System.Int32 PipocaAgilPodcast.Domain.ActivityStatistics::get_Id()
DA:10,0
FN:10,System.Int32 PipocaAgilPodcast.Domain.ActivityStatistics::get_UserId()
FNDA:0,System.Int32 PipocaAgilPodcast.Domain.ActivityStatistics::get_UserId()
DA:11,0
FN:11,PipocaAgilPodcast.Domain.User PipocaAgilPodcast.Domain.ActivityStatistics::get_User()
FNDA:4,PipocaAgilPodcast.Domain.User PipocaAgilPodcast.Domain.ActivityStatistics::get_User()
DA:12,4
FN:12,System.Int32 PipocaAgilPodcast.Domain.ActivityStatistics::get_ActivityLogId()
FNDA:0,System.Int32 PipocaAgilPodcast.Domain.ActivityStatistics::get_ActivityLogId()
DA:13,0
FN:13,PipocaAgilPodcast.Domain.ActivityLog PipocaAgilPodcast.Domain.ActivityStatistics::get_UsersActivitiesLogs()
FNDA:4,PipocaAgilPodcast.Domain.ActivityLog PipocaAgilPodcast.Domain.ActivityStatistics::get_UsersActivitiesLogs()
DA:14,4
FN:14,System.Int32 PipocaAgilPodcast.Domain.ActivityStatistics::get_TotalActivities()
FNDA:3,System.Int32 PipocaAgilPodcast.Domain.ActivityStatistics::get_TotalActivities()
DA:15,3
FN:15,System.Int32 PipocaAgilPodcast.Domain.ActivityStatistics::get_TotalLikes()
FNDA:3,System.Int32 PipocaAgilPodcast.Domain.ActivityStatistics::get_TotalLikes()
DA:16,3
FN:16,System.Int32 PipocaAgilPodcast.Domain.ActivityStatistics::get_TotalComments()
FNDA:3,System.Int32 PipocaAgilPodcast.Domain.ActivityStatistics::get_TotalComments()
DA:17,3
FN:17,System.Int32 PipocaAgilPodcast.Domain.ActivityStatistics::get_TotalShares()
FNDA:3,System.Int32 PipocaAgilPodcast.Domain.ActivityStatistics::get_TotalShares()
DA:18,3
FN:4,System.Void PipocaAgilPodcast.Domain.ActivityStatistics::.ctor()
FNDA:3,System.Void PipocaAgilPodcast.Domain.ActivityStatistics::.ctor()
DA:5,3
DA:6,3
DA:7,3
DA:8,3
DA:9,3
LF:14
LH:11
BRF:0
BRH:0
FNF:10
FNH:7
end_of_record
SF:C:\Users\devad\Desktop\Pipoca-agil-ASPdotNET\Server\src\PipocaAgilPodcast.Domain\Interest.cs
FN:7,System.Int32 PipocaAgilPodcast.Domain.Interest::get_Id()
FNDA:0,System.Int32 PipocaAgilPodcast.Domain.Interest::get_Id()
DA:8,0
FN:8,System.Int32 PipocaAgilPodcast.Domain.Interest::get_UserId()
FNDA:0,System.Int32 PipocaAgilPodcast.Domain.Interest::get_UserId()
DA:9,0
FN:9,PipocaAgilPodcast.Domain.User PipocaAgilPodcast.Domain.Interest::get_User()
FNDA:4,PipocaAgilPodcast.Domain.User PipocaAgilPodcast.Domain.Interest::get_User()
DA:10,4
FN:10,System.String PipocaAgilPodcast.Domain.Interest::get_Topic()
FNDA:7,System.String PipocaAgilPodcast.Domain.Interest::get_Topic()
DA:11,7
FN:11,System.Int32 PipocaAgilPodcast.Domain.Interest::get_InterestLevel()
FNDA:0,System.Int32 PipocaAgilPodcast.Domain.Interest::get_InterestLevel()
DA:12,0
FN:12,System.DateTime PipocaAgilPodcast.Domain.Interest::get_CreatedAt()
FNDA:3,System.DateTime PipocaAgilPodcast.Domain.Interest::get_CreatedAt()
DA:13,3
FN:3,System.Void PipocaAgilPodcast.Domain.Interest::.ctor()
FNDA:3,System.Void PipocaAgilPodcast.Domain.Interest::.ctor()
DA:4,3
DA:5,3
DA:6,3
DA:7,3
LF:10
LH:7
BRF:0
BRH:0
FNF:7
FNH:4
end_of_record
SF:C:\Users\devad\Desktop\Pipoca-agil-ASPdotNET\Server\src\PipocaAgilPodcast.Domain\User.cs
FN:11,System.Int32 PipocaAgilPodcast.Domain.User::get_Id()
FNDA:6,System.Int32 PipocaAgilPodcast.Domain.User::get_Id()
DA:12,6
FN:12,System.String PipocaAgilPodcast.Domain.User::get_FullName()
FNDA:45,System.String PipocaAgilPodcast.Domain.User::get_FullName()
DA:13,45
FN:13,System.String PipocaAgilPodcast.Domain.User::get_UserName()
FNDA:42,System.String PipocaAgilPodcast.Domain.User::get_UserName()
DA:14,42
FN:14,System.String PipocaAgilPodcast.Domain.User::get_ImageURL()
FNDA:42,System.String PipocaAgilPodcast.Domain.User::get_ImageURL()
DA:15,42
FN:15,System.DateTime PipocaAgilPodcast.Domain.User::get_DateOfBirth()
FNDA:8,System.DateTime PipocaAgilPodcast.Domain.User::get_DateOfBirth()
DA:16,8
FN:16,System.Collections.Generic.IEnumerable`1<PipocaAgilPodcast.Domain.Interest> PipocaAgilPodcast.Domain.User::get_Interests()
FNDA:35,System.Collections.Generic.IEnumerable`1<PipocaAgilPodcast.Domain.Interest> PipocaAgilPodcast.Domain.User::get_Interests()
DA:17,35
FN:17,PipocaAgilPodcast.Domain.ActivityStatistics PipocaAgilPodcast.Domain.User::get_Statistics()
FNDA:0,PipocaAgilPodcast.Domain.ActivityStatistics PipocaAgilPodcast.Domain.User::get_Statistics()
DA:18,0
FN:18,System.Collections.Generic.IEnumerable`1<PipocaAgilPodcast.Domain.UserActivityLog> PipocaAgilPodcast.Domain.User::get_UsersActivitiesLogs()
FNDA:35,System.Collections.Generic.IEnumerable`1<PipocaAgilPodcast.Domain.UserActivityLog> PipocaAgilPodcast.Domain.User::get_UsersActivitiesLogs()
DA:19,35
FN:6,System.Void PipocaAgilPodcast.Domain.User::.ctor()
FNDA:34,System.Void PipocaAgilPodcast.Domain.User::.ctor()
DA:7,34
DA:8,34
DA:9,34
DA:10,34
DA:11,34
LF:13
LH:12
BRF:0
BRH:0
FNF:9
FNH:8
end_of_record
SF:C:\Users\devad\Desktop\Pipoca-agil-ASPdotNET\Server\src\PipocaAgilPodcast.Domain\UserActivityLog.cs
FN:8,System.Int32 PipocaAgilPodcast.Domain.UserActivityLog::get_UserId()
FNDA:0,System.Int32 PipocaAgilPodcast.Domain.UserActivityLog::get_UserId()
DA:9,0
FN:9,PipocaAgilPodcast.Domain.User PipocaAgilPodcast.Domain.UserActivityLog::get_Users()
FNDA:2,PipocaAgilPodcast.Domain.User PipocaAgilPodcast.Domain.UserActivityLog::get_Users()
DA:10,2
FN:10,System.Int32 PipocaAgilPodcast.Domain.UserActivityLog::get_ActivityLogId()
FNDA:0,System.Int32 PipocaAgilPodcast.Domain.UserActivityLog::get_ActivityLogId()
DA:11,0
FN:11,PipocaAgilPodcast.Domain.ActivityLog PipocaAgilPodcast.Domain.UserActivityLog::get_UsersActivitiesLogs()
FNDA:2,PipocaAgilPodcast.Domain.ActivityLog PipocaAgilPodcast.Domain.UserActivityLog::get_UsersActivitiesLogs()
DA:12,2
FN:3,System.Void PipocaAgilPodcast.Domain.UserActivityLog::.ctor()
FNDA:1,System.Void PipocaAgilPodcast.Domain.UserActivityLog::.ctor()
DA:4,1
DA:5,1
DA:6,1
DA:7,1
DA:8,1
LF:9
LH:7
BRF:0
BRH:0
FNF:5
FNH:3
end_of_record
SF:C:\Users\devad\Desktop\Pipoca-agil-ASPdotNET\Server\src\PipocaAgilPodcast.Infrastructure\ValidationAttributes\MinimumAgeAttribute.cs
FN:13,System.ComponentModel.DataAnnotations.ValidationResult PipocaAgilPodcast.Infrastructure.ValidationAttributes.MinimumAgeAttribute::IsValid(System.Object,System.ComponentModel.DataAnnotations.ValidationContext)
FNDA:3,System.ComponentModel.DataAnnotations.ValidationResult PipocaAgilPodcast.Infrastructure.ValidationAttributes.MinimumAgeAttribute::IsValid(System.Object,System.ComponentModel.DataAnnotations.ValidationContext)
DA:14,3
DA:15,3
DA:16,3
DA:17,3
DA:18,3
DA:20,3
DA:21,0
DA:22,0
DA:23,0
DA:25,3
DA:26,1
DA:27,1
DA:29,2
DA:30,2
DA:31,3
BRDA:15,7,0,3
BRDA:15,7,1,0
BRDA:15,22,0,3
BRDA:20,69,0,0
BRDA:20,69,1,3
BRDA:25,90,0,1
BRDA:25,90,1,2
BRDA:15,22,1,2
FN:7,System.Void PipocaAgilPodcast.Infrastructure.ValidationAttributes.MinimumAgeAttribute::.ctor(System.Int32)
FNDA:3,System.Void PipocaAgilPodcast.Infrastructure.ValidationAttributes.MinimumAgeAttribute::.ctor(System.Int32)
DA:8,3
DA:9,3
DA:10,3
DA:11,3
LF:19
LH:16
BRF:8
BRH:6
FNF:2
FNH:2
end_of_record
SF:C:\Users\devad\Desktop\Pipoca-agil-ASPdotNET\Server\src\PipocaAgilPodcast.Persistence\Models\PipocaAgilPodcastDbContex.cs
FN:17,Microsoft.EntityFrameworkCore.DbSet`1<PipocaAgilPodcast.Domain.User> PipocaAgilPodcast.Persistence.Models.PipocaAgilPodcastDbContext::get_Users()
FNDA:11,Microsoft.EntityFrameworkCore.DbSet`1<PipocaAgilPodcast.Domain.User> PipocaAgilPodcast.Persistence.Models.PipocaAgilPodcastDbContext::get_Users()
DA:18,11
FN:18,Microsoft.EntityFrameworkCore.DbSet`1<PipocaAgilPodcast.Domain.ActivityLog> PipocaAgilPodcast.Persistence.Models.PipocaAgilPodcastDbContext::get_ActivityHistory()
FNDA:0,Microsoft.EntityFrameworkCore.DbSet`1<PipocaAgilPodcast.Domain.ActivityLog> PipocaAgilPodcast.Persistence.Models.PipocaAgilPodcastDbContext::get_ActivityHistory()
DA:19,0
FN:19,Microsoft.EntityFrameworkCore.DbSet`1<PipocaAgilPodcast.Domain.ActivityStatistics> PipocaAgilPodcast.Persistence.Models.PipocaAgilPodcastDbContext::get_Statisticss()
FNDA:0,Microsoft.EntityFrameworkCore.DbSet`1<PipocaAgilPodcast.Domain.ActivityStatistics> PipocaAgilPodcast.Persistence.Models.PipocaAgilPodcastDbContext::get_Statisticss()
DA:20,0
FN:20,Microsoft.EntityFrameworkCore.DbSet`1<PipocaAgilPodcast.Domain.Interest> PipocaAgilPodcast.Persistence.Models.PipocaAgilPodcastDbContext::get_Interests()
FNDA:0,Microsoft.EntityFrameworkCore.DbSet`1<PipocaAgilPodcast.Domain.Interest> PipocaAgilPodcast.Persistence.Models.PipocaAgilPodcastDbContext::get_Interests()
DA:21,0
FN:21,Microsoft.EntityFrameworkCore.DbSet`1<PipocaAgilPodcast.Domain.UserActivityLog> PipocaAgilPodcast.Persistence.Models.PipocaAgilPodcastDbContext::get_UsersActivitiesLogs()
FNDA:0,Microsoft.EntityFrameworkCore.DbSet`1<PipocaAgilPodcast.Domain.UserActivityLog> PipocaAgilPodcast.Persistence.Models.PipocaAgilPodcastDbContext::get_UsersActivitiesLogs()
DA:22,0
FN:24,System.Void PipocaAgilPodcast.Persistence.Models.PipocaAgilPodcastDbContext::OnModelCreating(Microsoft.EntityFrameworkCore.ModelBuilder)
FNDA:1,System.Void PipocaAgilPodcast.Persistence.Models.PipocaAgilPodcastDbContext::OnModelCreating(Microsoft.EntityFrameworkCore.ModelBuilder)
DA:25,1
DA:26,1
DA:27,1
FN:29,System.Void PipocaAgilPodcast.Persistence.Models.PipocaAgilPodcastDbContext::OnConfiguring(Microsoft.EntityFrameworkCore.DbContextOptionsBuilder)
FNDA:10,System.Void PipocaAgilPodcast.Persistence.Models.PipocaAgilPodcastDbContext::OnConfiguring(Microsoft.EntityFrameworkCore.DbContextOptionsBuilder)
DA:30,10
DA:31,10
DA:32,0
DA:33,0
DA:34,0
DA:35,0
DA:36,0
DA:38,0
DA:39,0
DA:40,0
DA:41,10
BRDA:31,12,0,0
BRDA:31,12,1,10
FN:8,System.Void PipocaAgilPodcast.Persistence.Models.PipocaAgilPodcastDbContext::.ctor()
FNDA:16,System.Void PipocaAgilPodcast.Persistence.Models.PipocaAgilPodcastDbContext::.ctor()
DA:9,16
DA:10,16
DA:11,16
FN:13,System.Void PipocaAgilPodcast.Persistence.Models.PipocaAgilPodcastDbContext::.ctor(Microsoft.EntityFrameworkCore.DbContextOptions`1<PipocaAgilPodcast.Persistence.Models.PipocaAgilPodcastDbContext>)
FNDA:10,System.Void PipocaAgilPodcast.Persistence.Models.PipocaAgilPodcastDbContext::.ctor(Microsoft.EntityFrameworkCore.DbContextOptions`1<PipocaAgilPodcast.Persistence.Models.PipocaAgilPodcastDbContext>)
DA:14,10
DA:15,10
DA:16,10
LF:25
LH:13
BRF:2
BRH:1
FNF:9
FNH:5
end_of_record
SF:C:\Users\devad\Desktop\Pipoca-agil-ASPdotNET\Server\src\PipocaAgilPodcast.Persistence\Migrations\20231029165217_Initial.cs
FN:11,System.Void PipocaAgilPodcast.Persistence.Migrations._20231029165217_Initialcs::Up(Microsoft.EntityFrameworkCore.Migrations.MigrationBuilder)
FNDA:0,System.Void PipocaAgilPodcast.Persistence.Migrations._20231029165217_Initialcs::Up(Microsoft.EntityFrameworkCore.Migrations.MigrationBuilder)
DA:12,0
DA:13,0
DA:14,0
DA:15,0
DA:16,0
DA:17,0
DA:18,0
DA:19,0
FN:22,System.Void PipocaAgilPodcast.Persistence.Migrations._20231029165217_Initialcs::Down(Microsoft.EntityFrameworkCore.Migrations.MigrationBuilder)
FNDA:0,System.Void PipocaAgilPodcast.Persistence.Migrations._20231029165217_Initialcs::Down(Microsoft.EntityFrameworkCore.Migrations.MigrationBuilder)
DA:23,0
DA:24,0
DA:25,0
DA:26,0
DA:27,0
LF:13
LH:0
BRF:0
BRH:0
FNF:2
FNH:0
end_of_record
SF:C:\Users\devad\Desktop\Pipoca-agil-ASPdotNET\Server\src\PipocaAgilPodcast.Persistence\Migrations\20231029165217_Initial.Designer.cs
FN:19,System.Void PipocaAgilPodcast.Persistence.Migrations._20231029165217_Initialcs::BuildTargetModel(Microsoft.EntityFrameworkCore.ModelBuilder)
FNDA:0,System.Void PipocaAgilPodcast.Persistence.Migrations._20231029165217_Initialcs::BuildTargetModel(Microsoft.EntityFrameworkCore.ModelBuilder)
DA:20,0
DA:22,0
DA:23,0
DA:24,0
DA:26,0
DA:28,0
DA:29,0
DA:30,0
DA:31,0
DA:32,0
DA:33,0
DA:34,0
DA:35,0
DA:36,0
DA:37,0
DA:38,0
DA:39,0
DA:40,0
DA:41,0
DA:42,0
DA:43,0
DA:44,0
DA:45,0
DA:46,0
DA:47,0
DA:48,0
DA:49,0
DA:50,0
DA:51,0
DA:52,0
DA:53,0
DA:55,0
DA:56,0
DA:57,0
DA:58,0
DA:59,0
DA:60,0
DA:61,0
DA:62,0
DA:63,0
DA:64,0
DA:65,0
DA:66,0
DA:67,0
DA:68,0
DA:69,0
DA:70,0
DA:71,0
DA:72,0
DA:73,0
DA:74,0
DA:75,0
DA:76,0
DA:77,0
DA:78,0
DA:79,0
DA:80,0
DA:81,0
DA:82,0
DA:83,0
DA:84,0
DA:85,0
DA:86,0
DA:87,0
DA:88,0
DA:89,0
DA:91,0
DA:92,0
DA:93,0
DA:94,0
DA:95,0
DA:96,0
DA:97,0
DA:98,0
DA:99,0
DA:100,0
DA:101,0
DA:102,0
DA:103,0
DA:104,0
DA:105,0
DA:106,0
DA:107,0
DA:108,0
DA:109,0
DA:110,0
DA:111,0
DA:112,0
DA:113,0
DA:114,0
DA:115,0
DA:116,0
DA:117,0
DA:118,0
DA:120,0
DA:121,0
DA:122,0
DA:123,0
DA:124,0
DA:125,0
DA:126,0
DA:127,0
DA:128,0
DA:129,0
DA:130,0
DA:131,0
DA:132,0
DA:133,0
DA:134,0
DA:135,0
DA:136,0
DA:137,0
DA:138,0
DA:139,0
DA:140,0
DA:141,0
DA:142,0
DA:143,0
DA:144,0
DA:145,0
DA:146,0
DA:148,0
DA:149,0
DA:150,0
DA:151,0
DA:152,0
DA:153,0
DA:154,0
DA:155,0
DA:156,0
DA:157,0
DA:158,0
DA:159,0
DA:160,0
DA:161,0
DA:163,0
DA:164,0
DA:165,0
DA:166,0
DA:167,0
DA:168,0
DA:169,0
DA:170,0
DA:171,0
DA:172,0
DA:173,0
DA:174,0
DA:175,0
DA:176,0
DA:177,0
DA:178,0
DA:179,0
DA:180,0
DA:182,0
DA:183,0
DA:184,0
DA:185,0
DA:186,0
DA:187,0
DA:188,0
DA:189,0
DA:190,0
DA:191,0
DA:193,0
DA:194,0
DA:195,0
DA:196,0
DA:197,0
DA:198,0
DA:199,0
DA:200,0
DA:201,0
DA:202,0
DA:203,0
DA:204,0
DA:205,0
DA:206,0
DA:207,0
DA:208,0
DA:209,0
DA:210,0
DA:212,0
DA:213,0
DA:214,0
DA:215,0
DA:217,0
DA:218,0
DA:219,0
DA:220,0
DA:221,0
DA:222,0
DA:223,0
DA:224,0
DA:226,0
LF:194
LH:0
BRF:0
BRH:0
FNF:1
FNH:0
end_of_record
SF:C:\Users\devad\Desktop\Pipoca-agil-ASPdotNET\Server\src\PipocaAgilPodcast.Persistence\Migrations\PipocaAgilPodcastDbContextModelSnapshot.cs
FN:16,System.Void PipocaAgilPodcast.Persistence.Migrations.PipocaAgilPodcastDbContextModelSnapshot::BuildModel(Microsoft.EntityFrameworkCore.ModelBuilder)
FNDA:0,System.Void PipocaAgilPodcast.Persistence.Migrations.PipocaAgilPodcastDbContextModelSnapshot::BuildModel(Microsoft.EntityFrameworkCore.ModelBuilder)
DA:17,0
DA:19,0
DA:20,0
DA:21,0
DA:23,0
DA:25,0
DA:26,0
DA:27,0
DA:28,0
DA:29,0
DA:30,0
DA:31,0
DA:32,0
DA:33,0
DA:34,0
DA:35,0
DA:36,0
DA:37,0
DA:38,0
DA:39,0
DA:40,0
DA:41,0
DA:42,0
DA:43,0
DA:44,0
DA:45,0
DA:46,0
DA:47,0
DA:48,0
DA:49,0
DA:50,0
DA:52,0
DA:53,0
DA:54,0
DA:55,0
DA:56,0
DA:57,0
DA:58,0
DA:59,0
DA:60,0
DA:61,0
DA:62,0
DA:63,0
DA:64,0
DA:65,0
DA:66,0
DA:67,0
DA:68,0
DA:69,0
DA:70,0
DA:71,0
DA:72,0
DA:73,0
DA:74,0
DA:75,0
DA:76,0
DA:77,0
DA:78,0
DA:79,0
DA:80,0
DA:81,0
DA:82,0
DA:83,0
DA:84,0
DA:85,0
DA:86,0
DA:88,0
DA:89,0
DA:90,0
DA:91,0
DA:92,0
DA:93,0
DA:94,0
DA:95,0
DA:96,0
DA:97,0
DA:98,0
DA:99,0
DA:100,0
DA:101,0
DA:102,0
DA:103,0
DA:104,0
DA:105,0
DA:106,0
DA:107,0
DA:108,0
DA:109,0
DA:110,0
DA:111,0
DA:112,0
DA:113,0
DA:114,0
DA:115,0
DA:117,0
DA:118,0
DA:119,0
DA:120,0
DA:121,0
DA:122,0
DA:123,0
DA:124,0
DA:125,0
DA:126,0
DA:127,0
DA:128,0
DA:129,0
DA:130,0
DA:131,0
DA:132,0
DA:133,0
DA:134,0
DA:135,0
DA:136,0
DA:137,0
DA:138,0
DA:139,0
DA:140,0
DA:141,0
DA:142,0
DA:143,0
DA:145,0
DA:146,0
DA:147,0
DA:148,0
DA:149,0
DA:150,0
DA:151,0
DA:152,0
DA:153,0
DA:154,0
DA:155,0
DA:156,0
DA:157,0
DA:158,0
DA:160,0
DA:161,0
DA:162,0
DA:163,0
DA:164,0
DA:165,0
DA:166,0
DA:167,0
DA:168,0
DA:169,0
DA:170,0
DA:171,0
DA:172,0
DA:173,0
DA:174,0
DA:175,0
DA:176,0
DA:177,0
DA:179,0
DA:180,0
DA:181,0
DA:182,0
DA:183,0
DA:184,0
DA:185,0
DA:186,0
DA:187,0
DA:188,0
DA:190,0
DA:191,0
DA:192,0
DA:193,0
DA:194,0
DA:195,0
DA:196,0
DA:197,0
DA:198,0
DA:199,0
DA:200,0
DA:201,0
DA:202,0
DA:203,0
DA:204,0
DA:205,0
DA:206,0
DA:207,0
DA:209,0
DA:210,0
DA:211,0
DA:212,0
DA:214,0
DA:215,0
DA:216,0
DA:217,0
DA:218,0
DA:219,0
DA:220,0
DA:221,0
DA:223,0
LF:194
LH:0
BRF:0
BRH:0
FNF:1
FNH:0
end_of_record
SF:C:\Users\devad\Desktop\Pipoca-agil-ASPdotNET\Server\src\PipocaAgilPodcast.Persistence\Implementations\RepositoryPesistence.cs
FN:11,System.Void PipocaAgilPodcast.Persistence.Implementations.RepositoryPesistence::Add(T)
FNDA:2,System.Void PipocaAgilPodcast.Persistence.Implementations.RepositoryPesistence::Add(T)
DA:12,2
DA:13,2
DA:14,2
FN:15,System.Void PipocaAgilPodcast.Persistence.Implementations.RepositoryPesistence::Update(T)
FNDA:2,System.Void PipocaAgilPodcast.Persistence.Implementations.RepositoryPesistence::Update(T)
DA:16,2
DA:17,2
DA:18,2
FN:19,System.Void PipocaAgilPodcast.Persistence.Implementations.RepositoryPesistence::Delete(T)
FNDA:2,System.Void PipocaAgilPodcast.Persistence.Implementations.RepositoryPesistence::Delete(T)
DA:20,2
DA:21,2
DA:22,2
FN:24,System.Void PipocaAgilPodcast.Persistence.Implementations.RepositoryPesistence::DeleteRange(T[])
FNDA:2,System.Void PipocaAgilPodcast.Persistence.Implementations.RepositoryPesistence::DeleteRange(T[])
DA:25,2
DA:26,2
DA:27,2
FN:8,System.Void PipocaAgilPodcast.Persistence.Implementations.RepositoryPesistence::.ctor(PipocaAgilPodcast.Persistence.Models.PipocaAgilPodcastDbContext)
FNDA:32,System.Void PipocaAgilPodcast.Persistence.Implementations.RepositoryPesistence::.ctor(PipocaAgilPodcast.Persistence.Models.PipocaAgilPodcastDbContext)
DA:9,32
FN:29,System.Void PipocaAgilPodcast.Persistence.Implementations.RepositoryPesistence/<SaveChangesAsync>d__6::MoveNext()
FNDA:4,System.Void PipocaAgilPodcast.Persistence.Implementations.RepositoryPesistence/<SaveChangesAsync>d__6::MoveNext()
DA:30,4
DA:31,4
DA:32,4
LF:16
LH:16
BRF:0
BRH:0
FNF:6
FNH:6
end_of_record
SF:C:\Users\devad\Desktop\Pipoca-agil-ASPdotNET\Server\src\PipocaAgilPodcast.Persistence\Implementations\UserRepository.cs
FN:7,System.Void PipocaAgilPodcast.Persistence.Implementations.UserRepository::.ctor(PipocaAgilPodcast.Persistence.Models.PipocaAgilPodcastDbContext)
FNDA:6,System.Void PipocaAgilPodcast.Persistence.Implementations.UserRepository::.ctor(PipocaAgilPodcast.Persistence.Models.PipocaAgilPodcastDbContext)
DA:8,6
DA:9,6
DA:10,6
DA:11,6
LF:4
LH:4
BRF:0
BRH:0
FNF:1
FNH:1
end_of_record
SF:C:\Users\devad\Desktop\Pipoca-agil-ASPdotNET\Server\src\PipocaAgilPodcast.Services\Implementations\ActivityLogPersistence.cs
FN:9,System.Threading.Tasks.Task`1<System.Collections.Generic.IEnumerable`1<PipocaAgilPodcast.Domain.ActivityLog>> PipocaAgilPodcast.Persistence.DataImplementations.ActivityLogPersistence::ExportActivityLogAsync(System.DateTime,System.DateTime)
FNDA:0,System.Threading.Tasks.Task`1<System.Collections.Generic.IEnumerable`1<PipocaAgilPodcast.Domain.ActivityLog>> PipocaAgilPodcast.Persistence.DataImplementations.ActivityLogPersistence::ExportActivityLogAsync(System.DateTime,System.DateTime)
DA:10,0
DA:11,0
FN:14,System.Threading.Tasks.Task`1<System.Collections.Generic.IEnumerable`1<PipocaAgilPodcast.Domain.ActivityLog>> PipocaAgilPodcast.Persistence.DataImplementations.ActivityLogPersistence::GetActivityByTypeAsync(PipocaAgilPodcast.Domain.Enum.ActivityType)
FNDA:0,System.Threading.Tasks.Task`1<System.Collections.Generic.IEnumerable`1<PipocaAgilPodcast.Domain.ActivityLog>> PipocaAgilPodcast.Persistence.DataImplementations.ActivityLogPersistence::GetActivityByTypeAsync(PipocaAgilPodcast.Domain.Enum.ActivityType)
DA:15,0
DA:16,0
FN:19,System.Threading.Tasks.Task`1<PipocaAgilPodcast.Domain.ActivityLog> PipocaAgilPodcast.Persistence.DataImplementations.ActivityLogPersistence::GetActivityLogByIdAsync(System.Int32)
FNDA:0,System.Threading.Tasks.Task`1<PipocaAgilPodcast.Domain.ActivityLog> PipocaAgilPodcast.Persistence.DataImplementations.ActivityLogPersistence::GetActivityLogByIdAsync(System.Int32)
DA:20,0
DA:21,0
FN:24,System.Threading.Tasks.Task`1<System.Collections.Generic.IEnumerable`1<PipocaAgilPodcast.Domain.ActivityLog>> PipocaAgilPodcast.Persistence.DataImplementations.ActivityLogPersistence::GetActivityLogsAsync()
FNDA:0,System.Threading.Tasks.Task`1<System.Collections.Generic.IEnumerable`1<PipocaAgilPodcast.Domain.ActivityLog>> PipocaAgilPodcast.Persistence.DataImplementations.ActivityLogPersistence::GetActivityLogsAsync()
DA:25,0
DA:26,0
FN:29,System.Threading.Tasks.Task`1<System.Collections.Generic.IEnumerable`1<PipocaAgilPodcast.Domain.ActivityLog>> PipocaAgilPodcast.Persistence.DataImplementations.ActivityLogPersistence::GetActivityLogsForUserAsync(System.Int32)
FNDA:0,System.Threading.Tasks.Task`1<System.Collections.Generic.IEnumerable`1<PipocaAgilPodcast.Domain.ActivityLog>> PipocaAgilPodcast.Persistence.DataImplementations.ActivityLogPersistence::GetActivityLogsForUserAsync(System.Int32)
DA:30,0
DA:31,0
FN:34,System.Threading.Tasks.Task`1<PipocaAgilPodcast.Domain.ActivityStatistics> PipocaAgilPodcast.Persistence.DataImplementations.ActivityLogPersistence::GetActivityStatisticsAsync()
FNDA:0,System.Threading.Tasks.Task`1<PipocaAgilPodcast.Domain.ActivityStatistics> PipocaAgilPodcast.Persistence.DataImplementations.ActivityLogPersistence::GetActivityStatisticsAsync()
DA:35,0
DA:36,0
FN:39,System.Threading.Tasks.Task`1<System.Collections.Generic.IEnumerable`1<PipocaAgilPodcast.Domain.ActivityLog>> PipocaAgilPodcast.Persistence.DataImplementations.ActivityLogPersistence::GetRecentActivityAsync(System.Int32)
FNDA:0,System.Threading.Tasks.Task`1<System.Collections.Generic.IEnumerable`1<PipocaAgilPodcast.Domain.ActivityLog>> PipocaAgilPodcast.Persistence.DataImplementations.ActivityLogPersistence::GetRecentActivityAsync(System.Int32)
DA:40,0
DA:41,0
FN:44,System.Threading.Tasks.Task`1<System.Collections.Generic.IEnumerable`1<PipocaAgilPodcast.Domain.ActivityLog>> PipocaAgilPodcast.Persistence.DataImplementations.ActivityLogPersistence::GetUserActivityHistoryAsync(System.Int32)
FNDA:0,System.Threading.Tasks.Task`1<System.Collections.Generic.IEnumerable`1<PipocaAgilPodcast.Domain.ActivityLog>> PipocaAgilPodcast.Persistence.DataImplementations.ActivityLogPersistence::GetUserActivityHistoryAsync(System.Int32)
DA:45,0
DA:46,0
LF:16
LH:0
BRF:0
BRH:0
FNF:8
FNH:0
end_of_record
SF:C:\Users\devad\Desktop\Pipoca-agil-ASPdotNET\Server\src\PipocaAgilPodcast.Services\Serviceresponse.cs
FN:4,System.Boolean PipocaAgilPodcast.Services.ServiceResponse::get_IsSuccess()
FNDA:8,System.Boolean PipocaAgilPodcast.Services.ServiceResponse::get_IsSuccess()
DA:5,8
FN:5,System.Int32 PipocaAgilPodcast.Services.ServiceResponse::get_StatusCode()
FNDA:4,System.Int32 PipocaAgilPodcast.Services.ServiceResponse::get_StatusCode()
DA:6,4
FN:6,System.String PipocaAgilPodcast.Services.ServiceResponse::get_Message()
FNDA:4,System.String PipocaAgilPodcast.Services.ServiceResponse::get_Message()
DA:7,4
FN:7,System.Object PipocaAgilPodcast.Services.ServiceResponse::get_Data()
FNDA:0,System.Object PipocaAgilPodcast.Services.ServiceResponse::get_Data()
DA:8,0
LF:4
LH:3
BRF:0
BRH:0
FNF:4
FNH:3
end_of_record
SF:C:\Users\devad\Desktop\Pipoca-agil-ASPdotNET\Server\src\PipocaAgilPodcast.Services\Implementations\UserRepository.cs
FN:12,System.Void PipocaAgilPodcast.Services.Implementations.UserRepository::.ctor(PipocaAgilPodcast.Interfaces.ContractsPersistence.IRepositoryPesistence)
FNDA:11,System.Void PipocaAgilPodcast.Services.Implementations.UserRepository::.ctor(PipocaAgilPodcast.Interfaces.ContractsPersistence.IRepositoryPesistence)
DA:13,11
DA:14,11
DA:15,11
DA:16,11
FN:18,System.Void PipocaAgilPodcast.Services.Implementations.UserRepository/<CreateUser>d__2::MoveNext()
FNDA:4,System.Void PipocaAgilPodcast.Services.Implementations.UserRepository/<CreateUser>d__2::MoveNext()
DA:19,4
DA:20,4
DA:23,4
DA:24,4
DA:25,1
DA:27,1
DA:28,1
DA:29,1
DA:30,1
DA:31,3
DA:32,3
DA:33,3
DA:34,0
DA:35,0
DA:36,0
DA:37,0
DA:40,0
DA:41,0
DA:44,3
DA:45,0
DA:46,0
DA:49,3
DA:50,3
DA:54,1
DA:55,1
BRDA:33,258,0,0
BRDA:35,286,0,0
BRDA:35,286,1,0
BRDA:33,258,1,3
BRDA:44,364,0,0
BRDA:44,364,1,3
FN:117,System.Void PipocaAgilPodcast.Services.Implementations.UserRepository/<DeleteRangeUser>d__5::MoveNext()
FNDA:2,System.Void PipocaAgilPodcast.Services.Implementations.UserRepository/<DeleteRangeUser>d__5::MoveNext()
DA:118,2
DA:119,2
DA:122,2
DA:123,2
DA:124,1
DA:126,1
DA:127,1
DA:128,1
DA:129,1
DA:130,1
DA:131,1
DA:132,1
DA:133,0
DA:134,0
DA:137,1
DA:138,1
DA:142,1
DA:143,1
BRDA:132,255,0,0
BRDA:132,255,1,1
FN:89,System.Void PipocaAgilPodcast.Services.Implementations.UserRepository/<DeleteUser>d__4::MoveNext()
FNDA:2,System.Void PipocaAgilPodcast.Services.Implementations.UserRepository/<DeleteUser>d__4::MoveNext()
DA:90,2
DA:91,2
DA:94,2
DA:95,2
DA:96,1
DA:98,1
DA:99,1
DA:100,1
DA:101,1
DA:102,1
DA:103,1
DA:104,1
DA:105,0
DA:106,0
DA:109,1
DA:110,1
DA:114,1
DA:115,1
BRDA:104,255,0,0
BRDA:104,255,1,1
FN:57,System.Void PipocaAgilPodcast.Services.Implementations.UserRepository/<UpdateUser>d__3::MoveNext()
FNDA:3,System.Void PipocaAgilPodcast.Services.Implementations.UserRepository/<UpdateUser>d__3::MoveNext()
DA:58,3
DA:59,3
DA:62,3
DA:63,3
DA:64,1
DA:66,1
DA:67,1
DA:68,1
DA:69,1
DA:70,2
DA:71,2
DA:72,2
DA:73,0
DA:74,0
DA:76,2
DA:77,0
DA:78,0
DA:81,2
DA:82,2
DA:86,1
DA:87,1
BRDA:72,258,0,0
BRDA:72,258,1,2
BRDA:76,313,0,0
BRDA:76,313,1,2
LF:86
LH:70
BRF:14
BRH:6
FNF:5
FNH:5
end_of_record
SF:C:\Users\devad\Desktop\Pipoca-agil-ASPdotNET\Server\src\PipocaAgilPodcast.Services\Implementations\UserService.cs
FN:14,System.Void PipocaAgilPodcast.Services.Implementations.UserService::.ctor(PipocaAgilPodcast.Persistence.Models.PipocaAgilPodcastDbContext)
FNDA:0,System.Void PipocaAgilPodcast.Services.Implementations.UserService::.ctor(PipocaAgilPodcast.Persistence.Models.PipocaAgilPodcastDbContext)
DA:15,0
FN:17,System.Void PipocaAgilPodcast.Services.Implementations.UserService/<GetAllUsersAsync>d__2::MoveNext()
FNDA:0,System.Void PipocaAgilPodcast.Services.Implementations.UserService/<GetAllUsersAsync>d__2::MoveNext()
DA:18,0
DA:19,0
DA:20,0
DA:22,0
DA:23,0
FN:24,System.Void PipocaAgilPodcast.Services.Implementations.UserService/<GetUserByIdAsync>d__3::MoveNext()
FNDA:0,System.Void PipocaAgilPodcast.Services.Implementations.UserService/<GetUserByIdAsync>d__3::MoveNext()
DA:25,0
DA:26,0
DA:27,0
DA:29,0
DA:30,0
BRDA:26,279,0,0
BRDA:26,279,1,0
FN:31,System.Void PipocaAgilPodcast.Services.Implementations.UserService/<GetUserByUserNameAsync>d__4::MoveNext()
FNDA:0,System.Void PipocaAgilPodcast.Services.Implementations.UserService/<GetUserByUserNameAsync>d__4::MoveNext()
DA:32,0
DA:33,0
DA:35,0
DA:36,0
DA:38,0
DA:39,0
BRDA:35,309,0,0
BRDA:35,309,1,0
FN:40,System.Void PipocaAgilPodcast.Services.Implementations.UserService/<GetUsersByInterestAsync>d__5::MoveNext()
FNDA:0,System.Void PipocaAgilPodcast.Services.Implementations.UserService/<GetUsersByInterestAsync>d__5::MoveNext()
DA:41,0
DA:43,0
DA:44,0
DA:45,0
DA:46,0
DA:48,0
DA:49,0
LF:24
LH:0
BRF:4
BRH:0
FNF:5
FNH:0
end_of_record
SF:C:\Users\devad\Desktop\Pipoca-agil-ASPdotNET\Server\src\PipocaAgilPodcast.Services\Error\HandleUserException.cs
FN:8,System.Void PipocaAgilPodcast.Services.Error.UserHandlingException::.ctor()
FNDA:3,System.Void PipocaAgilPodcast.Services.Error.UserHandlingException::.ctor()
DA:9,3
FN:9,System.Void PipocaAgilPodcast.Services.Error.UserHandlingException::.ctor(System.String)
FNDA:9,System.Void PipocaAgilPodcast.Services.Error.UserHandlingException::.ctor(System.String)
DA:10,9
FN:10,System.Void PipocaAgilPodcast.Services.Error.UserHandlingException::.ctor(System.String,System.Exception)
FNDA:54,System.Void PipocaAgilPodcast.Services.Error.UserHandlingException::.ctor(System.String,System.Exception)
DA:11,54
FN:13,System.Void PipocaAgilPodcast.Services.Error.UserHandlingException::.ctor(System.Runtime.Serialization.SerializationInfo,System.Runtime.Serialization.StreamingContext)
FNDA:0,System.Void PipocaAgilPodcast.Services.Error.UserHandlingException::.ctor(System.Runtime.Serialization.SerializationInfo,System.Runtime.Serialization.StreamingContext)
DA:14,0
FN:18,System.Int32 PipocaAgilPodcast.Services.Error.UserCreationException::get_StatusCode()
FNDA:4,System.Int32 PipocaAgilPodcast.Services.Error.UserCreationException::get_StatusCode()
DA:19,4
FN:20,System.Void PipocaAgilPodcast.Services.Error.UserCreationException::.ctor(System.String,System.Data.Common.DbException,System.Int32)
FNDA:3,System.Void PipocaAgilPodcast.Services.Error.UserCreationException::.ctor(System.String,System.Data.Common.DbException,System.Int32)
DA:21,3
DA:22,3
DA:23,3
DA:24,3
FN:27,System.Int32 PipocaAgilPodcast.Services.Error.UserUpdatedException::get_StatusCode()
FNDA:2,System.Int32 PipocaAgilPodcast.Services.Error.UserUpdatedException::get_StatusCode()
DA:28,2
FN:29,System.Void PipocaAgilPodcast.Services.Error.UserUpdatedException::.ctor(System.String,System.Data.Common.DbException,System.Int32)
FNDA:1,System.Void PipocaAgilPodcast.Services.Error.UserUpdatedException::.ctor(System.String,System.Data.Common.DbException,System.Int32)
DA:30,1
DA:31,1
DA:32,1
DA:33,1
FN:36,System.Int32 PipocaAgilPodcast.Services.Error.UserDeletedFailedException::get_StatusCode()
FNDA:4,System.Int32 PipocaAgilPodcast.Services.Error.UserDeletedFailedException::get_StatusCode()
DA:37,4
FN:38,System.Void PipocaAgilPodcast.Services.Error.UserDeletedFailedException::.ctor(System.String,System.Data.Common.DbException,System.Int32)
FNDA:3,System.Void PipocaAgilPodcast.Services.Error.UserDeletedFailedException::.ctor(System.String,System.Data.Common.DbException,System.Int32)
DA:39,3
DA:40,3
DA:41,3
DA:42,3
FN:45,System.Int32 PipocaAgilPodcast.Services.Error.UserValidationFailedException::get_StatusCode()
FNDA:4,System.Int32 PipocaAgilPodcast.Services.Error.UserValidationFailedException::get_StatusCode()
DA:46,4
FN:48,System.Void PipocaAgilPodcast.Services.Error.UserValidationFailedException::.ctor(System.String,System.ComponentModel.DataAnnotations.ValidationException,System.Int32)
FNDA:3,System.Void PipocaAgilPodcast.Services.Error.UserValidationFailedException::.ctor(System.String,System.ComponentModel.DataAnnotations.ValidationException,System.Int32)
DA:49,3
DA:50,3
DA:51,3
DA:52,3
FN:56,System.Int32 PipocaAgilPodcast.Services.Error.UserAlreadyExistsException::get_StatusCode()
FNDA:3,System.Int32 PipocaAgilPodcast.Services.Error.UserAlreadyExistsException::get_StatusCode()
DA:57,3
FN:58,System.Void PipocaAgilPodcast.Services.Error.UserAlreadyExistsException::.ctor(System.String,System.Data.Common.DbException,System.Int32)
FNDA:2,System.Void PipocaAgilPodcast.Services.Error.UserAlreadyExistsException::.ctor(System.String,System.Data.Common.DbException,System.Int32)
DA:59,2
DA:60,2
DA:61,2
DA:62,2
LF:29
LH:28
BRF:0
BRH:0
FNF:14
FNH:13
end_of_record